2025-05-12 23:54:13 [main] INFO  d.m.j.integration.CSVToH2DemoTest - Setting up test environment
2025-05-12 23:54:13 [main] DEBUG d.m.j.integration.CSVToH2DemoTest - Created test CSV file: test_data.csv
2025-05-12 23:54:13 [main] DEBUG d.m.j.integration.CSVToH2DemoTest - Dropped existing test table if it existed: TEST_PERSON
2025-05-12 23:54:13 [main] INFO  d.m.j.integration.CSVToH2DemoTest - Testing logging functionality
2025-05-12 23:54:13 [main] DEBUG d.m.j.integration.CSVToH2DemoTest - This is a debug message
2025-05-12 23:54:13 [main] INFO  d.m.j.integration.CSVToH2DemoTest - This is an info message
2025-05-12 23:54:13 [main] WARN  d.m.j.integration.CSVToH2DemoTest - This is a warning message
2025-05-12 23:54:13 [main] INFO  d.m.j.integration.CSVToH2DemoTest - Tearing down test environment
2025-05-12 23:54:13 [main] DEBUG d.m.j.integration.CSVToH2DemoTest - Deleted test CSV file: test_data.csv (success: true)
2025-05-12 23:54:13 [main] DEBUG d.m.j.integration.CSVToH2DemoTest - Dropped test table: TEST_PERSON
2025-05-12 23:54:13 [main] INFO  d.m.j.integration.CSVToH2DemoTest - Setting up test environment
2025-05-12 23:54:13 [main] DEBUG d.m.j.integration.CSVToH2DemoTest - Created test CSV file: test_data.csv
2025-05-12 23:54:13 [main] DEBUG d.m.j.integration.CSVToH2DemoTest - Dropped existing test table if it existed: TEST_PERSON
2025-05-12 23:54:13 [main] INFO  d.m.j.integration.CSVToH2DemoTest - Starting CSV to H2 integration test
2025-05-12 23:54:13 [main] DEBUG d.m.j.integration.CSVToH2DemoTest - Created empty table for testing
2025-05-12 23:54:13 [main] INFO  d.m.j.integration.CSVToH2DemoTest - Reading data from CSV file: test_data.csv
2025-05-12 23:54:13 [main] DEBUG d.mars.jtable.integration.TestUtils - Reading from CSV file: test_data.csv
2025-05-12 23:54:13 [main] DEBUG d.mars.jtable.integration.TestUtils - Successfully read data from CSV file
2025-05-12 23:54:13 [main] INFO  d.m.j.integration.CSVToH2DemoTest - Successfully verified CSV data was read correctly
2025-05-12 23:54:13 [main] INFO  d.m.j.integration.CSVToH2DemoTest - Writing data to H2 database: jdbc:h2:./test_db
2025-05-12 23:54:13 [main] DEBUG d.mars.jtable.integration.TestUtils - Writing to H2 database: jdbc:h2:./test_db table: TEST_PERSON
2025-05-12 23:54:13 [main] DEBUG d.mars.jtable.integration.TestUtils - Created H2 mapping configuration
2025-05-12 23:54:13 [main] DEBUG d.mars.jtable.integration.TestUtils - Added column mappings to H2 configuration
2025-05-12 23:54:13 [main] DEBUG d.mars.jtable.integration.TestUtils - Successfully wrote data to H2 database
2025-05-12 23:54:13 [main] INFO  d.m.j.integration.CSVToH2DemoTest - Verifying data was written correctly to database
2025-05-12 23:54:14 [main] DEBUG d.m.j.integration.CSVToH2DemoTest - Verified database table has correct number of rows: 2
2025-05-12 23:54:14 [main] DEBUG d.m.j.integration.CSVToH2DemoTest - Verified specific data in database for ID=1
2025-05-12 23:54:14 [main] INFO  d.m.j.integration.CSVToH2DemoTest - CSV to H2 integration test completed successfully
2025-05-12 23:54:14 [main] INFO  d.m.j.integration.CSVToH2DemoTest - Tearing down test environment
2025-05-12 23:54:14 [main] DEBUG d.m.j.integration.CSVToH2DemoTest - Deleted test CSV file: test_data.csv (success: true)
2025-05-12 23:54:14 [main] DEBUG d.m.j.integration.CSVToH2DemoTest - Dropped test table: TEST_PERSON
